\BOOKMARK [1][-]{section.1}{\376\377\116\000\230\165\137\017\140\073\211\310\377\010\121\110\176\331\040\034\124\054\137\227\141\302\166\204\116\272\040\035\377\011}{}% 1
\BOOKMARK [1][-]{section.2}{\376\377\121\110\142\212\000\040\000N\000A\000C\000\040\213\262\156\005\151\132\377\010\176\323\124\010\213\272\145\207\123\237\131\313\133\232\116\111\377\011}{}% 2
\BOOKMARK [2][-]{subsection.2.1}{\376\377\220\032\117\327\211\343\221\312\377\032\142\021\116\354\122\060\136\225\127\050\167\013\116\300\116\110\377\037}{section.2}% 3
\BOOKMARK [2][-]{subsection.2.2}{\376\377\213\272\145\207\121\154\137\017\377\010\150\070\137\303\133\232\116\111\377\011}{section.2}% 4
\BOOKMARK [2][-]{subsection.2.3}{\376\377\000N\000A\000C\000-\000U\000E\377\010\165\050\116\216\000\040\000O\000O\000D\000\040\150\300\155\113\377\011}{section.2}% 5
\BOOKMARK [2][-]{subsection.2.4}{\376\377\000N\000A\000C\000-\000M\000E\377\010\165\050\116\216\152\041\127\213\213\304\117\060\000/\154\333\123\026\377\011}{section.2}% 6
\BOOKMARK [1][-]{section.3}{\376\377\147\054\230\171\166\356\131\202\117\125\133\371\237\120\213\272\145\207\377\010\116\316\151\202\137\365\122\060\133\236\163\260\377\011}{}% 7
\BOOKMARK [2][-]{subsection.3.1}{\376\377\230\171\166\356\000\040\000p\000i\000p\000e\000l\000i\000n\000e\377\010\220\032\117\327\211\343\221\312\000\040\000+\000\040\142\200\147\057\146\040\134\004\377\011}{section.3}% 8
\BOOKMARK [2][-]{subsection.3.2}{\376\377\116\016\213\272\145\207\116\000\201\364\166\204\121\163\225\056\160\271\377\010\135\362\204\075\133\236\377\011}{section.3}% 9
\BOOKMARK [2][-]{subsection.3.3}{\376\377\145\160\143\156\226\306\060\001\152\041\127\213\116\016\213\304\117\060\213\276\177\156\377\010\137\305\230\173\146\016\170\156\166\204\040\034\147\120\145\231\156\005\123\125\040\035\377\011}{section.3}% 10
\BOOKMARK [1][-]{section.4}{\376\377\133\236\232\214\176\323\147\234\377\010\176\323\124\010\126\376\210\150\377\014\220\020\127\127\213\262\156\005\151\132\377\011}{}% 11
\BOOKMARK [2][-]{subsection.4.1}{\376\377\000A\000.\000\040\133\230\145\271\000\040\000O\000O\000D\000\040\000C\000o\000v\000e\000r\000a\000g\000e\377\010\000A\000P\000S\000\040\000v\000s\000\040\000N\000o\000n\000-\000A\000P\000S\377\011}{section.4}% 12
\BOOKMARK [2][-]{subsection.4.2}{\376\377\000B\000.\000\040\000T\000o\000p\000/\000B\000o\000t\000t\000o\000m\000\040\215\050\150\300\377\010\133\232\140\047\211\343\221\312\377\011}{section.4}% 13
\BOOKMARK [2][-]{subsection.4.3}{\376\377\000C\000.\000\040\000I\000D\000-\000o\000n\000l\000y\000\040\226\010\120\074\377\010\167\037\133\236\127\072\146\157\166\204\147\000\117\116\117\335\226\234\377\011}{section.4}% 14
\BOOKMARK [2][-]{subsection.4.4}{\376\377\000D\000.\000\040\000O\000O\000D\000R\000o\000b\000u\000s\000t\000B\000e\000n\000c\000h\377\032\000C\000I\000F\000A\000R\000-\0001\0000\000-\000C\000\040\121\150\221\317\176\323\147\234}{section.4}% 15
\BOOKMARK [2][-]{subsection.4.5}{\376\377\000E\000.\000\040\201\352\161\066\122\006\136\003\120\117\171\373\377\010\000C\000I\000F\000A\000R\000-\0001\0000\000.\0001\000\040\000/\000\040\0001\0000\000.\0002\377\011}{section.4}% 16
\BOOKMARK [2][-]{subsection.4.6}{\376\377\000F\000.\000\040\000P\000h\000a\000s\000e\0003\000\040\176\304\124\010\142\160\122\250\116\016\230\172\136\217\145\110\136\224}{section.4}% 17
\BOOKMARK [2][-]{subsection.4.7}{\376\377\000G\000.\000\040\150\007\121\306\000\040\000v\000s\000\040\234\201\150\322\152\041\127\213\133\371\161\147\377\010\137\122\150\143\176\323\147\234\377\011}{section.4}% 18
\BOOKMARK [1][-]{section.5}{\376\377\213\250\213\272\377\032\217\331\116\233\176\323\147\234\213\364\146\016\116\206\116\300\116\110\377\037}{}% 19
\BOOKMARK [1][-]{section.6}{\376\377\134\100\226\120\140\047\116\016\230\316\226\151\377\010\137\305\230\173\143\320\122\115\213\364\146\016\377\011}{}% 20
\BOOKMARK [1][-]{section.7}{\376\377\123\357\131\015\163\260\147\120\145\231\215\357\137\204\377\010\176\331\133\374\136\010\142\026\133\241\172\077\116\272\147\345\167\013\377\011}{}% 21
\BOOKMARK [1][-]{section.8}{\376\377\124\016\176\355\135\345\117\134\377\010\217\330\123\357\116\345\176\347\176\355\120\132\166\204\377\011}{}% 22
